build/app/outputs/mapping/r8/release/mapping.txt
# compiler: R8
# compiler_version: 1.3.55
# min_api: 16
com.muhammadali.buddiesgram.MainActivity -> com.muhammadali.buddiesgram.MainActivity:
    1:1:void <init>():7:7 -> <init>
    1:2:void onCreate(android.os.Bundle):10:11 -> onCreate
...
io.grpc.ManagedChannelProvider$ProviderNotFoundException -> c.b.X$b:
    1:1:void <init>(java.lang.String):98:98 -> <init>
io.grpc.Metadata -> c.b.aa:
    io.grpc.Metadata$AsciiMarshaller ASCII_STRING_MARSHALLER -> b
    byte[][] namesAndValues -> c
    int size -> d
    io.grpc.Metadata$BinaryMarshaller BINARY_BYTE_MARSHALLER -> a
    1:1:void <clinit>():72:72 -> <clinit>
    2:2:void <clinit>():93:93 -> <clinit>
    1:1:void <init>(byte[][]):112:112 -> <init>
    2:2:void <init>(int,byte[][]):121:121 -> <init>
    3:4:void <init>(int,byte[][]):123:124 -> <init>
    5:5:void <init>():162:162 -> <init>
    1:1:void name(int,byte[]):136:136 -> a
    2:2:int headerCount():166:166 -> a
    3:8:void put(io.grpc.Metadata$Key,java.lang.Object):285:290 -> a
    9:11:void expand(int):301:303 -> a
    12:12:void expand(int):305:305 -> a
    13:13:void discardAll(io.grpc.Metadata$Key):371:371 -> a
    14:15:void discardAll(io.grpc.Metadata$Key):376:377 -> a
    16:17:void discardAll(io.grpc.Metadata$Key):380:381 -> a
    18:19:void discardAll(io.grpc.Metadata$Key):386:387 -> a
    20:20:void merge(io.grpc.Metadata):422:422 -> a
    21:23:void merge(io.grpc.Metadata):425:427 -> a
    24:25:void merge(io.grpc.Metadata):429:430 -> a
    26:26:boolean bytesEqual(byte[],byte[]):479:479 -> a
    1:1:byte[] name(int):132:132 -> b
    2:2:void value(int,byte[]):144:144 -> b
    3:5:java.lang.Object get(io.grpc.Metadata$Key):191:193 -> b
    6:7:java.util.Set keys():267:268 -> b
    8:10:java.util.Set keys():270:272 -> b
    11:11:java.util.Set keys():275:275 -> b
    1:1:byte[] value(int):140:140 -> c
io.grpc.Metadata$1 -> c.b.Y:
    1:1:void <init>():73:73 -> <init>
    byte[] parseBytes(byte[]) -> a
    1:1:java.lang.Object parseBytes(byte[]):73:73 -> a
    2:2:byte[] toBytes(java.lang.Object):73:73 -> a
    byte[] toBytes(byte[]) -> b
io.grpc.Metadata$2 -> c.b.Z:
    1:1:void <init>():94:94 -> <init>
    java.lang.String parseAsciiString(java.lang.String) -> a
    1:1:java.lang.Object parseAsciiString(java.lang.String):94:94 -> a
    2:2:java.lang.String toAsciiString(java.lang.Object):94:94 -> a
    java.lang.String toAsciiString(java.lang.String) -> b
io.grpc.Metadata$AsciiKey -> c.b.aa$a:
    io.grpc.Metadata$AsciiMarshaller marshaller -> e
    1:1:void <init>(java.lang.String,boolean,io.grpc.Metadata$AsciiMarshaller,io.grpc.Metadata$1):735:735 -> <init>
    2:2:void <init>(java.lang.String,boolean,io.grpc.Metadata$AsciiMarshaller):740:740 -> <init>
    3:3:void <init>(java.lang.String,boolean,io.grpc.Metadata$AsciiMarshaller):742:742 -> <init>
    4:4:void <init>(java.lang.String,boolean,io.grpc.Metadata$AsciiMarshaller):741:741 -> <init>
    5:5:void <init>(java.lang.String,boolean,io.grpc.Metadata$AsciiMarshaller):746:746 -> <init>
    1:1:byte[] toBytes(java.lang.Object):751:751 -> a
    2:2:java.lang.Object parseBytes(byte[]):756:756 -> a
io.grpc.Metadata$AsciiMarshaller -> c.b.aa$b:
    java.lang.Object parseAsciiString(java.lang.String) -> a
    java.lang.String toAsciiString(java.lang.Object) -> a
io.grpc.Metadata$BinaryKey -> c.b.aa$c:
    io.grpc.Metadata$BinaryMarshaller marshaller -> e
    1:1:void <init>(java.lang.String,io.grpc.Metadata$BinaryMarshaller,io.grpc.Metadata$1):709:709 -> <init>
    2:2:void <init>(java.lang.String,io.grpc.Metadata$BinaryMarshaller):714:714 -> <init>
    3:3:void <init>(java.lang.String,io.grpc.Metadata$BinaryMarshaller):716:716 -> <init>
    4:4:void <init>(java.lang.String,io.grpc.Metadata$BinaryMarshaller):715:715 -> <init>
    5:6:void <init>(java.lang.String,io.grpc.Metadata$BinaryMarshaller):720:721 -> <init>
    1:1:byte[] toBytes(java.lang.Object):726:726 -> a
    2:2:java.lang.Object parseBytes(byte[]):731:731 -> a
io.grpc.Metadata$BinaryMarshaller -> c.b.aa$d:
    java.lang.Object parseBytes(byte[]) -> a
    byte[] toBytes(java.lang.Object) -> a